[KOTA] kotad (Community Edition) starting
[KOTA] BpfLoader: lifecycle loaded
[KOTA] BpfLoader: scalpel loaded (shared maps)
[KOTA] BpfLoader: veto loaded (shared maps)
[KOTA] BpfLoader: ioctl_observer disabled (set KOTA_ENABLE_IOCTL_OBSERVER=1 to enable)
[KOTA] BpfLoader: pinned kota_status_map, kota_ip_to_inode, kota_policy_ports, kota_policy_ioctl, kota_cgroup_bridge, kota_netns_status, kota_events under /sys/fs/bpf/kota
[KOTA] attach: cgroup tracepoints (lifecycle)
[KOTA] attach: LSM file_ioctl (veto)
[KOTA] ProfileRegistry: loaded 2 profiles from "tests/fixtures/profiles"
[KOTA] ProfileRegistry: KOTA_PROFILE_DIR is set; skipping SQLite store at "/var/lib/kota/policy_store.sqlite3"
[KOTA] ProfileRegistry: skipped 2 invalid profile file(s) (set KOTA_LOG_INVALID_PROFILES=1 for details)
[KOTA] control plane listening on unix:///run/kota/kotad.sock
[KOTA] CiliumPeeker: ipcache fd=42 path=/sys/fs/bpf/tc/globals/cilium_ipcache
[KOTA] ViolationLogger: writing /var/log/kota/violations.jsonl
[Warning] File: /home/kota-dev/projects/KOTA/build/_deps/opentelemetry-cpp-src/sdk/src/metrics/export/periodic_exporting_metric_reader.cc:50 [Periodic Exporting Metric Reader] Invalid configuration: export_timeout_millis_ should be less than export_interval_millis_, using default values
[KOTA] kotad running — SIGTERM or SIGINT to stop
[KOTA] RingBufConsumer: started (events_fd=10)
[KOTA] Phase 2 monitoring active (poll=1000ms, deb_violation=3, deb_clear=3)
[KOTA] NVML sample temp=61.000000C mem_error=0 stable=ACTIVE
[KOTA] OTLP metrics endpoint unreachable (fail-soft; exports retry).
[KOTA] Pod died:  inode=22477 seq=0 ts=18822717442038
[KOTA] NVML sample temp=61.000000C mem_error=0 stable=ACTIVE
[KOTA] NVML sample temp=60.000000C mem_error=0 stable=ACTIVE
[KOTA] NVML sample temp=60.000000C mem_error=0 stable=ACTIVE
[KOTA] PodResolver: identity source=Cilium-UDS (container 6e6ecd8bf926…)
[KOTA] PodResolver: profile gate skip for inode=22872 (skip:profile-label-missing:cilium-endpoint has no kota.ai/profile)
[KOTA] PodResolver: identity source=Cilium-UDS (container 63cb2bde63e8…)
[KOTA] read_cgroup_pid found non-init pid 125645
[KOTA] PodResolver: Cilium API host_veth_ifname=lxc84bbfdc7ce2d for cgroup_inode=22951
[KOTA] attach: resolver->TCX ingress+egress inode=22951 target=`lxc84bbfdc7ce2d` ifindex=54
[KOTA] attach: resolver->TCX inode=22951 target=`lxc84bbfdc7ce2d` refs=1
[KOTA] PodResolver: Cilium resolved pod=default/kota-test-workload ip=10.42.0.135 iface=lxc84bbfdc7ce2d cilium_id=684 profile=NVML-Lab-Fault-Injection
[KOTA] CiliumPeeker: 10.42.0.135 → security_id=684
[KOTA] Resolved Pod: default/kota-test-workload -> Inode: 22951 -> Iface: lxc84bbfdc7ce2d ip=10.42.0.135 profile_id=1 trigger_inode=22951 cilium_id=684 policy_yaml=tests/fixtures/profiles/1.yaml (21477µs pod-resolve)
[KOTA] Identity enforced (ACTIVE) for default/kota-test-workload
[KOTA] PodResolver: Cilium /v1/endpoint: no match for container id after retry window (using OCI/proc; UDS can race the workload or list may be large)
[KOTA] read_cgroup_pid found non-init pid 125693
[KOTA] PodResolver: identity source=OCI-proc (setns / runtime state / host veth)
[KOTA] PodResolver: profile gate skip for inode=23030 (skip:profile-label-missing:oci runtime metadata has no kota.ai/profile)
[KOTA] PodResolver: Cilium /v1/endpoint: no match for container id after retry window (using OCI/proc; UDS can race the workload or list may be large)
[KOTA] read_cgroup_pid found non-init pid 125700
[KOTA] PodResolver: identity source=OCI-proc (setns / runtime state / host veth)
[KOTA] PodResolver: profile gate skip for inode=23109 (skip:profile-label-missing:oci runtime metadata has no kota.ai/profile)
[KOTA] NVML sample temp=60.000000C mem_error=0 stable=ACTIVE
[KOTA] NVML sample temp=60.000000C mem_error=0 stable=ACTIVE
[KOTA] NVML sample temp=60.000000C mem_error=0 stable=ACTIVE
[KOTA] NVML sample temp=60.000000C mem_error=0 stable=ACTIVE
[KOTA] NVML sample temp=60.000000C mem_error=0 stable=ACTIVE
[KOTA] NVML sample temp=60.000000C mem_error=0 stable=ACTIVE
[KOTA] NVML sample temp=59.000000C mem_error=0 stable=ACTIVE
[KOTA] NVML sample temp=59.000000C mem_error=0 stable=ACTIVE
[KOTA] NVML sample temp=65.000000C mem_error=0 stable=ACTIVE
[KOTA] NVML sample temp=66.000000C mem_error=0 stable=ACTIVE
[KOTA] NVML sample temp=67.000000C mem_error=0 stable=ACTIVE
[KOTA] NVML sample temp=67.000000C mem_error=0 stable=ACTIVE
[KOTA] NVML sample temp=68.000000C mem_error=0 stable=ACTIVE
[KOTA] NVML sample temp=67.000000C mem_error=0 stable=ACTIVE
[KOTA] NVML sample temp=68.000000C mem_error=0 stable=ACTIVE
[KOTA] NVML sample temp=69.000000C mem_error=0 stable=ACTIVE
[KOTA] NVML sample temp=69.000000C mem_error=0 stable=ACTIVE
[KOTA] NVML sample temp=69.000000C mem_error=0 stable=ACTIVE
[KOTA] NVML sample temp=69.000000C mem_error=0 stable=ACTIVE
[KOTA] NVML sample temp=69.000000C mem_error=0 stable=ACTIVE
[KOTA] NVML violation pending: unhealthy_streak=1/3 reason=temperature 70.000000C > threshold 69.000000C
[KOTA] NVML sample temp=70.000000C mem_error=0 stable=ACTIVE
[KOTA] NVML violation pending: unhealthy_streak=2/3 reason=temperature 70.000000C > threshold 69.000000C
[KOTA] NVML sample temp=70.000000C mem_error=0 stable=ACTIVE
[KOTA] NVML violation latched: unhealthy streak reached 3 sample(s) (violation_debounce) reason=temperature 70.000000C > threshold 69.000000C
[KOTA] NVML sample temp=70.000000C mem_error=0 stable=VIOLATION
[KOTA] NVML debounced transition -> VIOLATION
[KOTA] telemetry verdict transition applied to StatusMap
[KOTA] NVML violation retained: temperature 71.000000C > threshold 69.000000C
[KOTA] NVML sample temp=71.000000C mem_error=0 stable=VIOLATION
[KOTA] NVML violation retained: temperature 71.000000C > threshold 69.000000C
[KOTA] NVML sample temp=71.000000C mem_error=0 stable=VIOLATION
[KOTA] NVML violation retained: temperature 71.000000C > threshold 69.000000C
[KOTA] NVML sample temp=71.000000C mem_error=0 stable=VIOLATION
[KOTA] NVML violation retained: temperature 71.000000C > threshold 69.000000C
[KOTA] NVML sample temp=71.000000C mem_error=0 stable=VIOLATION
[KOTA] NVML violation retained: temperature 71.000000C > threshold 69.000000C
[KOTA] NVML sample temp=71.000000C mem_error=0 stable=VIOLATION
[KOTA] NVML violation retained: temperature 71.000000C > threshold 69.000000C
[KOTA] NVML sample temp=71.000000C mem_error=0 stable=VIOLATION
[KOTA] NVML violation retained: temperature 71.000000C > threshold 69.000000C
[KOTA] NVML sample temp=71.000000C mem_error=0 stable=VIOLATION
[KOTA] NVML violation retained: temperature 72.000000C > threshold 69.000000C
[KOTA] NVML sample temp=72.000000C mem_error=0 stable=VIOLATION
[KOTA] NVML violation retained: temperature 72.000000C > threshold 69.000000C
[KOTA] NVML sample temp=72.000000C mem_error=0 stable=VIOLATION
[KOTA] NVML recovery pending: healthy_streak=1/3
[KOTA] NVML sample temp=69.000000C mem_error=0 stable=VIOLATION
[KOTA] NVML recovery pending: healthy_streak=2/3
[KOTA] NVML sample temp=69.000000C mem_error=0 stable=VIOLATION
[KOTA] NVML recovery pending: healthy_streak=3/3
[KOTA] NVML recovery completed: clear hysteresis satisfied (3 healthy sample(s))
[KOTA] NVML sample temp=69.000000C mem_error=0 stable=ACTIVE
[KOTA] NVML debounced transition -> ACTIVE
[KOTA] telemetry verdict transition applied to StatusMap
[KOTA] kotad shutdown initiated
[Error] File: /home/kota-dev/projects/KOTA/build/_deps/opentelemetry-cpp-src/exporters/otlp/src/otlp_http_client.cc:212 [OTLP HTTP Client] Session state: connection failed.Failed to connect to localhost port 4318 after 1 ms: Couldn't connect to server
[Error] File: /home/kota-dev/projects/KOTA/build/_deps/opentelemetry-cpp-src/exporters/otlp/src/otlp_http_metric_exporter.cc:150 [OTLP METRIC HTTP Exporter] ERROR: Export 1 metric(s) error: 1
[Warning] File: /home/kota-dev/projects/KOTA/build/_deps/opentelemetry-cpp-src/sdk/src/metrics/meter_context.cc:160 [MeterContext::Shutdown] Shutdown can be invoked only once.
[KOTA] attach: TCX ingress+egress detached from `lxc84bbfdc7ce2d` (shutdown)
[KOTA] RingBufConsumer: stopped
[KOTA] BpfLoader: unloaded (pins retained under /sys/fs/bpf/kota)
[KOTA] kotad stopped
